2026-02-22 19:42:00 - churn_prediction - INFO - ============================================================
2026-02-22 19:42:00 - churn_prediction - INFO - ЗАПУСК TRAINING PIPELINE
2026-02-22 19:42:00 - churn_prediction - INFO - ============================================================
2026-02-22 19:42:00 - churn_prediction - INFO - 
📥 Шаг 1: Загрузка данных
2026-02-22 19:42:00 - churn_prediction - INFO - Загрузка данных из data/raw/telco_churn.csv
2026-02-22 19:42:00 - churn_prediction - WARNING - Файл data/raw/telco_churn.csv не найден. Создаем тестовые данные.
2026-02-22 19:42:00 - churn_prediction - INFO - Создание тестовых данных
2026-02-22 19:42:00 - churn_prediction - INFO - Тестовые данные сохранены в data/raw/telco_churn.csv
2026-02-22 19:42:00 - churn_prediction - INFO - Проверка качества данных
2026-02-22 19:42:00 - churn_prediction - INFO - Валидация данных пройдена успешно
2026-02-22 19:42:00 - churn_prediction - INFO - 
🧹 Шаг 2: Предобработка данных
2026-02-22 19:42:00 - churn_prediction - INFO - ==================================================
2026-02-22 19:42:00 - churn_prediction - INFO - НАЧАЛО ПОДГОТОВКИ ПРИЗНАКОВ
2026-02-22 19:42:00 - churn_prediction - INFO - Начало очистки данных
2026-02-22 19:42:00 - churn_prediction - INFO - Удалено дубликатов: 0
2026-02-22 19:42:00 - churn_prediction - INFO - Удалены колонки: ['customerID']
2026-02-22 19:42:00 - churn_prediction - INFO - Очистка данных завершена
2026-02-22 19:42:00 - churn_prediction - INFO - Обработка пропущенных значений
2026-02-22 19:42:00 - churn_prediction - INFO - Кодирование категориальных признаков
2026-02-22 19:42:00 - churn_prediction - INFO - Колонка gender закодирована
2026-02-22 19:42:00 - churn_prediction - INFO - Колонка SeniorCitizen закодирована
2026-02-22 19:42:00 - churn_prediction - INFO - Колонка Partner закодирована
2026-02-22 19:42:00 - churn_prediction - INFO - Колонка Dependents закодирована
2026-02-22 19:42:00 - churn_prediction - INFO - Колонка PhoneService закодирована
2026-02-22 19:42:00 - churn_prediction - INFO - Колонка MultipleLines закодирована
2026-02-22 19:42:00 - churn_prediction - INFO - Колонка InternetService закодирована
2026-02-22 19:42:00 - churn_prediction - INFO - Колонка OnlineSecurity закодирована
2026-02-22 19:42:00 - churn_prediction - INFO - Колонка OnlineBackup закодирована
2026-02-22 19:42:00 - churn_prediction - INFO - Колонка DeviceProtection закодирована
2026-02-22 19:42:00 - churn_prediction - INFO - Колонка TechSupport закодирована
2026-02-22 19:42:00 - churn_prediction - INFO - Колонка StreamingTV закодирована
2026-02-22 19:42:00 - churn_prediction - INFO - Колонка StreamingMovies закодирована
2026-02-22 19:42:00 - churn_prediction - INFO - Колонка Contract закодирована
2026-02-22 19:42:00 - churn_prediction - INFO - Колонка PaperlessBilling закодирована
2026-02-22 19:42:00 - churn_prediction - INFO - Колонка PaymentMethod закодирована
2026-02-22 19:42:00 - churn_prediction - INFO - Масштабирование числовых признаков
2026-02-22 19:42:00 - churn_prediction - INFO - Масштабированы колонки: ['tenure', 'MonthlyCharges', 'TotalCharges']
2026-02-22 19:42:00 - churn_prediction - INFO - Итоговое количество признаков: 19
2026-02-22 19:42:00 - churn_prediction - INFO - Итоговое количество записей: 1000
2026-02-22 19:42:00 - churn_prediction - INFO - ПОДГОТОВКА ПРИЗНАКОВ ЗАВЕРШЕНА
2026-02-22 19:42:00 - churn_prediction - INFO - ==================================================
2026-02-22 19:42:00 - churn_prediction - INFO - 
⚙️ Шаг 3: Feature Engineering
2026-02-22 19:42:00 - churn_prediction - INFO - ==================================================
2026-02-22 19:42:00 - churn_prediction - INFO - НАЧАЛО СОЗДАНИЯ ПРИЗНАКОВ
2026-02-22 19:42:00 - churn_prediction - INFO - Создан признак: AvgMonthlyCharges
2026-02-22 19:42:00 - churn_prediction - INFO - Создан признак: TenureGroup
2026-02-22 19:42:00 - churn_prediction - INFO - Создан признак: ServiceCount
2026-02-22 19:42:00 - churn_prediction - INFO - Создан признак: MonthlyChargesRatio
2026-02-22 19:42:00 - churn_prediction - INFO - Создан признак: HasFamily
2026-02-22 19:42:00 - churn_prediction - INFO - Создан признак: LoyaltyLevel
2026-02-22 19:42:00 - churn_prediction - INFO - Добавлено новых признаков: 6
2026-02-22 19:42:00 - churn_prediction - INFO - СОЗДАНИЕ ПРИЗНАКОВ ЗАВЕРШЕНО
2026-02-22 19:42:00 - churn_prediction - INFO - ==================================================
2026-02-22 19:42:00 - churn_prediction - INFO - 
🤖 Шаг 4: Обучение модели
2026-02-22 19:42:00 - churn_prediction - INFO - ============================================================
2026-02-22 19:42:00 - churn_prediction - INFO - ЗАПУСК ПОЛНОГО ЦИКЛА ОБУЧЕНИЯ
2026-02-22 19:42:00 - churn_prediction - INFO - ============================================================
2026-02-22 19:42:00 - churn_prediction - INFO - Разделение данных на train/test
2026-02-22 19:42:00 - churn_prediction - INFO - Размер обучающей выборки: 800
2026-02-22 19:42:00 - churn_prediction - INFO - Размер тестовой выборки: 200
2026-02-22 19:42:00 - churn_prediction - INFO - Соотношение классов в train: 0.269
2026-02-22 19:42:00 - churn_prediction - INFO - Соотношение классов в test: 0.270
2026-02-22 19:42:00 - churn_prediction - INFO - ==================================================
2026-02-22 19:42:00 - churn_prediction - INFO - НАЧАЛО ОБУЧЕНИЯ XGBOOST
2026-02-22 19:42:00 - churn_prediction - INFO - Scale pos weight: 2.72 (neg: 468, pos: 172)
2026-02-22 19:42:00 - churn_prediction - INFO - Параметры модели: {'n_estimators': 200, 'learning_rate': 0.05, 'max_depth': 7, 'subsample': 0.8, 'colsample_bytree': 0.8, 'random_state': 42, 'n_jobs': -1, 'eval_metric': 'logloss', 'use_label_encoder': False, 'objective': 'binary:logistic', 'scale_pos_weight': np.float64(2.7209302325581395)}
2026-02-22 19:42:00 - churn_prediction - ERROR - ❌ Ошибка в пайплайне: DataFrame.dtypes for data must be int, float, bool or category. When categorical type is supplied, the experimental DMatrix parameter`enable_categorical` must be set to `True`.  Invalid columns:TenureGroup: category, LoyaltyLevel: category
2026-02-22 19:44:43 - churn_prediction - INFO - ============================================================
2026-02-22 19:44:43 - churn_prediction - INFO - ЗАПУСК TRAINING PIPELINE
2026-02-22 19:44:43 - churn_prediction - INFO - ============================================================
2026-02-22 19:44:43 - churn_prediction - INFO - 
📥 Шаг 1: Загрузка данных
2026-02-22 19:44:43 - churn_prediction - INFO - Загрузка данных из data/raw/telco_churn.csv
2026-02-22 19:44:43 - churn_prediction - INFO - Загружено 1000 строк, 21 колонок
2026-02-22 19:44:43 - churn_prediction - INFO - Проверка качества данных
2026-02-22 19:44:43 - churn_prediction - INFO - Валидация данных пройдена успешно
2026-02-22 19:44:43 - churn_prediction - INFO - 
🧹 Шаг 2: Предобработка данных
2026-02-22 19:44:43 - churn_prediction - INFO - ==================================================
2026-02-22 19:44:43 - churn_prediction - INFO - НАЧАЛО ПОДГОТОВКИ ПРИЗНАКОВ
2026-02-22 19:44:43 - churn_prediction - INFO - Начало очистки данных
2026-02-22 19:44:43 - churn_prediction - INFO - Удалено дубликатов: 0
2026-02-22 19:44:43 - churn_prediction - INFO - Удалены колонки: ['customerID']
2026-02-22 19:44:43 - churn_prediction - INFO - Очистка данных завершена
2026-02-22 19:44:43 - churn_prediction - INFO - Обработка пропущенных значений
2026-02-22 19:44:43 - churn_prediction - INFO - Кодирование категориальных признаков
2026-02-22 19:44:43 - churn_prediction - INFO - Колонка gender закодирована
2026-02-22 19:44:43 - churn_prediction - INFO - Колонка SeniorCitizen закодирована
2026-02-22 19:44:43 - churn_prediction - INFO - Колонка Partner закодирована
2026-02-22 19:44:43 - churn_prediction - INFO - Колонка Dependents закодирована
2026-02-22 19:44:43 - churn_prediction - INFO - Колонка PhoneService закодирована
2026-02-22 19:44:43 - churn_prediction - INFO - Колонка MultipleLines закодирована
2026-02-22 19:44:43 - churn_prediction - INFO - Колонка InternetService закодирована
2026-02-22 19:44:43 - churn_prediction - INFO - Колонка OnlineSecurity закодирована
2026-02-22 19:44:43 - churn_prediction - INFO - Колонка OnlineBackup закодирована
2026-02-22 19:44:43 - churn_prediction - INFO - Колонка DeviceProtection закодирована
2026-02-22 19:44:43 - churn_prediction - INFO - Колонка TechSupport закодирована
2026-02-22 19:44:43 - churn_prediction - INFO - Колонка StreamingTV закодирована
2026-02-22 19:44:43 - churn_prediction - INFO - Колонка StreamingMovies закодирована
2026-02-22 19:44:43 - churn_prediction - INFO - Колонка Contract закодирована
2026-02-22 19:44:43 - churn_prediction - INFO - Колонка PaperlessBilling закодирована
2026-02-22 19:44:43 - churn_prediction - INFO - Колонка PaymentMethod закодирована
2026-02-22 19:44:43 - churn_prediction - INFO - Масштабирование числовых признаков
2026-02-22 19:44:43 - churn_prediction - INFO - Масштабированы колонки: ['tenure', 'MonthlyCharges', 'TotalCharges']
2026-02-22 19:44:43 - churn_prediction - INFO - Проверка типов данных для XGBoost
2026-02-22 19:44:43 - churn_prediction - INFO - Все данные приведены к числовым типам
2026-02-22 19:44:43 - churn_prediction - INFO - Итоговое количество признаков: 19
2026-02-22 19:44:43 - churn_prediction - INFO - Итоговое количество записей: 1000
2026-02-22 19:44:43 - churn_prediction - INFO - ПОДГОТОВКА ПРИЗНАКОВ ЗАВЕРШЕНА
2026-02-22 19:44:43 - churn_prediction - INFO - ==================================================
2026-02-22 19:44:43 - churn_prediction - INFO - 
⚙️ Шаг 3: Feature Engineering
2026-02-22 19:44:43 - churn_prediction - INFO - ==================================================
2026-02-22 19:44:43 - churn_prediction - INFO - НАЧАЛО СОЗДАНИЯ ПРИЗНАКОВ
2026-02-22 19:44:43 - churn_prediction - INFO - Создан признак: AvgMonthlyCharges
2026-02-22 19:44:43 - churn_prediction - ERROR - ❌ Ошибка в пайплайне: Cannot convert float NaN to integer
2026-02-22 19:47:04 - churn_prediction - INFO - ============================================================
2026-02-22 19:47:04 - churn_prediction - INFO - ЗАПУСК TRAINING PIPELINE
2026-02-22 19:47:04 - churn_prediction - INFO - ============================================================
2026-02-22 19:47:04 - churn_prediction - INFO - 
📥 Шаг 1: Загрузка данных
2026-02-22 19:47:04 - churn_prediction - INFO - Загрузка данных из data/raw/telco_churn.csv
2026-02-22 19:47:04 - churn_prediction - INFO - Загружено 1000 строк, 21 колонок
2026-02-22 19:47:04 - churn_prediction - INFO - Проверка качества данных
2026-02-22 19:47:04 - churn_prediction - INFO - Валидация данных пройдена успешно
2026-02-22 19:47:04 - churn_prediction - INFO - 
🧹 Шаг 2: Предобработка данных
2026-02-22 19:47:04 - churn_prediction - INFO - ==================================================
2026-02-22 19:47:04 - churn_prediction - INFO - НАЧАЛО ПОДГОТОВКИ ПРИЗНАКОВ
2026-02-22 19:47:04 - churn_prediction - INFO - Начало очистки данных
2026-02-22 19:47:04 - churn_prediction - INFO - Удалено дубликатов: 0
2026-02-22 19:47:04 - churn_prediction - INFO - Удалены колонки: ['customerID']
2026-02-22 19:47:04 - churn_prediction - INFO - Очистка данных завершена
2026-02-22 19:47:04 - churn_prediction - INFO - Обработка пропущенных значений
2026-02-22 19:47:04 - churn_prediction - INFO - Кодирование категориальных признаков
2026-02-22 19:47:04 - churn_prediction - INFO - Колонка gender закодирована
2026-02-22 19:47:04 - churn_prediction - INFO - Колонка SeniorCitizen закодирована
2026-02-22 19:47:04 - churn_prediction - INFO - Колонка Partner закодирована
2026-02-22 19:47:04 - churn_prediction - INFO - Колонка Dependents закодирована
2026-02-22 19:47:04 - churn_prediction - INFO - Колонка PhoneService закодирована
2026-02-22 19:47:04 - churn_prediction - INFO - Колонка MultipleLines закодирована
2026-02-22 19:47:04 - churn_prediction - INFO - Колонка InternetService закодирована
2026-02-22 19:47:04 - churn_prediction - INFO - Колонка OnlineSecurity закодирована
2026-02-22 19:47:04 - churn_prediction - INFO - Колонка OnlineBackup закодирована
2026-02-22 19:47:04 - churn_prediction - INFO - Колонка DeviceProtection закодирована
2026-02-22 19:47:04 - churn_prediction - INFO - Колонка TechSupport закодирована
2026-02-22 19:47:04 - churn_prediction - INFO - Колонка StreamingTV закодирована
2026-02-22 19:47:04 - churn_prediction - INFO - Колонка StreamingMovies закодирована
2026-02-22 19:47:04 - churn_prediction - INFO - Колонка Contract закодирована
2026-02-22 19:47:04 - churn_prediction - INFO - Колонка PaperlessBilling закодирована
2026-02-22 19:47:04 - churn_prediction - INFO - Колонка PaymentMethod закодирована
2026-02-22 19:47:04 - churn_prediction - INFO - Масштабирование числовых признаков
2026-02-22 19:47:04 - churn_prediction - INFO - Масштабированы колонки: ['tenure', 'MonthlyCharges', 'TotalCharges']
2026-02-22 19:47:04 - churn_prediction - INFO - Проверка типов данных для XGBoost
2026-02-22 19:47:04 - churn_prediction - INFO - Все данные приведены к числовым типам
2026-02-22 19:47:04 - churn_prediction - INFO - Итоговое количество признаков: 19
2026-02-22 19:47:04 - churn_prediction - INFO - Итоговое количество записей: 1000
2026-02-22 19:47:04 - churn_prediction - INFO - ПОДГОТОВКА ПРИЗНАКОВ ЗАВЕРШЕНА
2026-02-22 19:47:04 - churn_prediction - INFO - ==================================================
2026-02-22 19:47:04 - churn_prediction - INFO - 
⚙️ Шаг 3: Feature Engineering
2026-02-22 19:47:04 - churn_prediction - INFO - ==================================================
2026-02-22 19:47:04 - churn_prediction - INFO - НАЧАЛО СОЗДАНИЯ ПРИЗНАКОВ
2026-02-22 19:47:04 - churn_prediction - INFO - Создан признак: AvgMonthlyCharges
2026-02-22 19:47:04 - churn_prediction - INFO - Создан признак: TenureGroup (числовой)
2026-02-22 19:47:04 - churn_prediction - INFO - Создан признак: ServiceCount
2026-02-22 19:47:04 - churn_prediction - INFO - Создан признак: MonthlyChargesRatio
2026-02-22 19:47:04 - churn_prediction - INFO - Создан признак: HasFamily
2026-02-22 19:47:04 - churn_prediction - INFO - Создан признак: LoyaltyLevel (числовой)
2026-02-22 19:47:04 - churn_prediction - INFO - Добавлено новых признаков: 6
2026-02-22 19:47:04 - churn_prediction - INFO - СОЗДАНИЕ ПРИЗНАКОВ ЗАВЕРШЕНО
2026-02-22 19:47:04 - churn_prediction - INFO - ==================================================
2026-02-22 19:47:04 - churn_prediction - INFO - 
🤖 Шаг 4: Обучение модели
2026-02-22 19:47:04 - churn_prediction - INFO - ============================================================
2026-02-22 19:47:04 - churn_prediction - INFO - ЗАПУСК ПОЛНОГО ЦИКЛА ОБУЧЕНИЯ
2026-02-22 19:47:04 - churn_prediction - INFO - ============================================================
2026-02-22 19:47:04 - churn_prediction - INFO - Разделение данных на train/test
2026-02-22 19:47:04 - churn_prediction - INFO - Размер обучающей выборки: 800
2026-02-22 19:47:04 - churn_prediction - INFO - Размер тестовой выборки: 200
2026-02-22 19:47:04 - churn_prediction - INFO - Соотношение классов в train: 0.269
2026-02-22 19:47:04 - churn_prediction - INFO - Соотношение классов в test: 0.270
2026-02-22 19:47:04 - churn_prediction - INFO - ==================================================
2026-02-22 19:47:04 - churn_prediction - INFO - НАЧАЛО ОБУЧЕНИЯ XGBOOST
2026-02-22 19:47:04 - churn_prediction - INFO - Scale pos weight: 2.72 (neg: 468, pos: 172)
2026-02-22 19:47:04 - churn_prediction - INFO - Параметры модели: {'n_estimators': 200, 'learning_rate': 0.05, 'max_depth': 7, 'subsample': 0.8, 'colsample_bytree': 0.8, 'random_state': 42, 'n_jobs': -1, 'eval_metric': 'logloss', 'use_label_encoder': False, 'objective': 'binary:logistic', 'scale_pos_weight': np.float64(2.7209302325581395)}
2026-02-22 19:47:04 - churn_prediction - INFO - Финальная потеря на train: 0.0829
2026-02-22 19:47:04 - churn_prediction - INFO - Финальная потеря на val: 0.7517
2026-02-22 19:47:04 - churn_prediction - INFO - ОБУЧЕНИЕ ЗАВЕРШЕНО
2026-02-22 19:47:04 - churn_prediction - INFO - ==================================================
2026-02-22 19:47:04 - churn_prediction - INFO - Оценка модели на тестовых данных
2026-02-22 19:47:04 - churn_prediction - INFO - ==================================================
2026-02-22 19:47:04 - churn_prediction - INFO - МЕТРИКИ МОДЕЛИ:
2026-02-22 19:47:04 - churn_prediction - INFO - roc_auc: 0.5495
2026-02-22 19:47:04 - churn_prediction - INFO - accuracy: 0.6900
2026-02-22 19:47:04 - churn_prediction - INFO - precision: 0.3462
2026-02-22 19:47:04 - churn_prediction - INFO - recall: 0.1667
2026-02-22 19:47:04 - churn_prediction - INFO - f1: 0.2250
2026-02-22 19:47:04 - churn_prediction - INFO - 
Confusion Matrix:
2026-02-22 19:47:04 - churn_prediction - INFO - TN: 129  FP: 17
2026-02-22 19:47:04 - churn_prediction - INFO - FN: 45  TP: 9
2026-02-22 19:47:04 - churn_prediction - INFO - 
Classification Report:
2026-02-22 19:47:04 - churn_prediction - INFO - 
              precision    recall  f1-score   support

    No Churn       0.74      0.88      0.81       146
       Churn       0.35      0.17      0.23        54

    accuracy                           0.69       200
   macro avg       0.54      0.53      0.52       200
weighted avg       0.63      0.69      0.65       200

2026-02-22 19:47:04 - churn_prediction - INFO - ==================================================
2026-02-22 19:47:04 - churn_prediction - INFO - Построение графика важности признаков
2026-02-22 19:47:05 - churn_prediction - INFO - График сохранен в artifacts/metrics/feature_importance.png
2026-02-22 19:47:05 - churn_prediction - INFO - CSV сохранен в artifacts/metrics/feature_importance.csv
2026-02-22 19:47:05 - churn_prediction - INFO - 
Топ-5 самых важных признаков:
2026-02-22 19:47:05 - churn_prediction - INFO -   Dependents: 0.0554
2026-02-22 19:47:05 - churn_prediction - INFO -   MonthlyChargesRatio: 0.0527
2026-02-22 19:47:05 - churn_prediction - INFO -   MonthlyCharges: 0.0519
2026-02-22 19:47:05 - churn_prediction - INFO -   InternetService: 0.0472
2026-02-22 19:47:05 - churn_prediction - INFO -   TotalCharges: 0.0472
2026-02-22 19:47:05 - churn_prediction - INFO - Проведение 5-fold кросс-валидации
2026-02-22 19:47:05 - churn_prediction - INFO - Fold 1 - ROC-AUC: 0.5162, F1: 0.1481
2026-02-22 19:47:06 - churn_prediction - INFO - Fold 2 - ROC-AUC: 0.4906, F1: 0.1176
2026-02-22 19:47:06 - churn_prediction - INFO - Fold 3 - ROC-AUC: 0.4641, F1: 0.1200
2026-02-22 19:47:06 - churn_prediction - INFO - Fold 4 - ROC-AUC: 0.4842, F1: 0.1667
2026-02-22 19:47:07 - churn_prediction - INFO - Fold 5 - ROC-AUC: 0.4762, F1: 0.0000
2026-02-22 19:47:07 - churn_prediction - INFO - roc_auc: 0.4863 ± 0.0174
2026-02-22 19:47:07 - churn_prediction - INFO - accuracy: 0.7037 ± 0.0192
2026-02-22 19:47:07 - churn_prediction - INFO - precision: 0.2923 ± 0.1523
2026-02-22 19:47:07 - churn_prediction - INFO - recall: 0.0698 ± 0.0389
2026-02-22 19:47:07 - churn_prediction - INFO - f1: 0.1105 ± 0.0582
2026-02-22 19:47:07 - churn_prediction - INFO - Модель сохранена в artifacts/models/latest_model.joblib
2026-02-22 19:47:07 - churn_prediction - INFO - Метаданные сохранены в artifacts/models/model_metadata.json
2026-02-22 19:47:07 - churn_prediction - INFO - Метрики сохранены в artifacts/metrics/latest_metrics.json
2026-02-22 19:47:07 - churn_prediction - INFO - ============================================================
2026-02-22 19:47:07 - churn_prediction - INFO - ✅ ОБУЧЕНИЕ УСПЕШНО ЗАВЕРШЕНО!
2026-02-22 19:47:07 - churn_prediction - INFO - ============================================================
2026-02-22 19:47:07 - churn_prediction - INFO - 
💾 Шаг 5: Сохранение артефактов
2026-02-22 19:47:07 - churn_prediction - INFO - Препроцессор сохранен в artifacts/models/preprocessor.joblib
2026-02-22 19:47:07 - churn_prediction - INFO - 
📊 Шаг 6: Кросс-валидация
2026-02-22 19:47:07 - churn_prediction - INFO - Проведение 5-fold кросс-валидации
2026-02-22 19:47:07 - churn_prediction - INFO - Fold 1 - ROC-AUC: 0.5437, F1: 0.1231
2026-02-22 19:47:07 - churn_prediction - INFO - Fold 2 - ROC-AUC: 0.5363, F1: 0.0317
2026-02-22 19:47:08 - churn_prediction - INFO - Fold 3 - ROC-AUC: 0.5155, F1: 0.2308
2026-02-22 19:47:08 - churn_prediction - INFO - Fold 4 - ROC-AUC: 0.5318, F1: 0.0938
2026-02-22 19:47:08 - churn_prediction - INFO - Fold 5 - ROC-AUC: 0.5304, F1: 0.1918
2026-02-22 19:47:08 - churn_prediction - INFO - roc_auc: 0.5315 ± 0.0093
2026-02-22 19:47:08 - churn_prediction - INFO - accuracy: 0.7050 ± 0.0071
2026-02-22 19:47:08 - churn_prediction - INFO - precision: 0.2976 ± 0.0970
2026-02-22 19:47:08 - churn_prediction - INFO - recall: 0.0892 ± 0.0528
2026-02-22 19:47:08 - churn_prediction - INFO - f1: 0.1342 ± 0.0706
2026-02-22 19:47:08 - churn_prediction - INFO - ============================================================
2026-02-22 19:47:08 - churn_prediction - INFO - ✅ PIPELINE УСПЕШНО ЗАВЕРШЕН!
2026-02-22 19:47:08 - churn_prediction - INFO - ============================================================
2026-02-22 19:47:08 - churn_prediction - INFO - 
📈 ИТОГОВЫЕ МЕТРИКИ:
2026-02-22 19:47:08 - churn_prediction - INFO - ROC-AUC на тесте: 0.5495
2026-02-22 19:47:08 - churn_prediction - INFO - F1-Score на тесте: 0.2250
2026-02-22 19:47:08 - churn_prediction - INFO - CV ROC-AUC: 0.5315 ± 0.0093
2026-02-22 20:16:27 - churn_prediction - INFO - Загрузка модели и препроцессора...
2026-02-22 20:16:27 - churn_prediction - INFO - Модель загружена успешно
2026-02-22 20:16:27 - churn_prediction - INFO - Препроцессор загружен из artifacts/models/preprocessor.joblib
2026-02-22 20:16:27 - churn_prediction - INFO - Препроцессор загружен успешно
2026-02-22 20:16:27 - churn_prediction - INFO - Метаданные загружены, признаков: 25
2026-02-22 20:18:52 - churn_prediction - INFO - ==================================================
2026-02-22 20:18:52 - churn_prediction - INFO - НАЧАЛО ПОДГОТОВКИ ПРИЗНАКОВ
2026-02-22 20:18:52 - churn_prediction - INFO - Начало очистки данных
2026-02-22 20:18:52 - churn_prediction - INFO - Удалено дубликатов: 0
2026-02-22 20:18:52 - churn_prediction - INFO - Очистка данных завершена
2026-02-22 20:18:52 - churn_prediction - INFO - Обработка пропущенных значений
2026-02-22 20:18:52 - churn_prediction - INFO - Кодирование категориальных признаков
2026-02-22 20:18:52 - churn_prediction - INFO - Колонка gender закодирована
2026-02-22 20:18:52 - churn_prediction - INFO - Колонка SeniorCitizen закодирована
2026-02-22 20:18:52 - churn_prediction - INFO - Колонка Partner закодирована
2026-02-22 20:18:52 - churn_prediction - INFO - Колонка Dependents закодирована
2026-02-22 20:18:52 - churn_prediction - INFO - Колонка PhoneService закодирована
2026-02-22 20:18:52 - churn_prediction - INFO - Колонка MultipleLines закодирована
2026-02-22 20:18:52 - churn_prediction - INFO - Колонка InternetService закодирована
2026-02-22 20:18:52 - churn_prediction - INFO - Колонка OnlineSecurity закодирована
2026-02-22 20:18:52 - churn_prediction - INFO - Колонка OnlineBackup закодирована
2026-02-22 20:18:52 - churn_prediction - INFO - Колонка DeviceProtection закодирована
2026-02-22 20:18:52 - churn_prediction - INFO - Колонка TechSupport закодирована
2026-02-22 20:18:52 - churn_prediction - INFO - Колонка StreamingTV закодирована
2026-02-22 20:18:52 - churn_prediction - INFO - Колонка StreamingMovies закодирована
2026-02-22 20:18:52 - churn_prediction - INFO - Колонка Contract закодирована
2026-02-22 20:18:52 - churn_prediction - INFO - Колонка PaperlessBilling закодирована
2026-02-22 20:18:52 - churn_prediction - INFO - Колонка PaymentMethod закодирована
2026-02-22 20:18:52 - churn_prediction - INFO - Масштабирование числовых признаков
2026-02-22 20:18:52 - churn_prediction - INFO - Масштабированы колонки: ['tenure', 'MonthlyCharges', 'TotalCharges']
2026-02-22 20:18:52 - churn_prediction - INFO - Проверка типов данных для XGBoost
2026-02-22 20:18:52 - churn_prediction - INFO - Все данные приведены к числовым типам
2026-02-22 20:18:52 - churn_prediction - INFO - Итоговое количество признаков: 19
2026-02-22 20:18:52 - churn_prediction - INFO - Итоговое количество записей: 1
2026-02-22 20:18:52 - churn_prediction - INFO - ПОДГОТОВКА ПРИЗНАКОВ ЗАВЕРШЕНА
2026-02-22 20:18:52 - churn_prediction - INFO - ==================================================
2026-02-22 20:18:52 - churn_prediction - ERROR - Ошибка предсказания: too many values to unpack (expected 2)
2026-02-22 20:45:04 - churn_prediction - INFO - Загрузка модели и препроцессора...
2026-02-22 20:45:04 - churn_prediction - INFO - Модель загружена успешно
2026-02-22 20:45:04 - churn_prediction - INFO - Препроцессор загружен из artifacts/models/preprocessor.joblib
2026-02-22 20:45:04 - churn_prediction - INFO - Препроцессор загружен успешно
2026-02-22 20:45:04 - churn_prediction - INFO - Метаданные загружены, признаков: 25
2026-02-22 20:48:59 - churn_prediction - INFO - Загрузка модели и препроцессора...
2026-02-22 20:48:59 - churn_prediction - INFO - Модель загружена успешно
2026-02-22 20:48:59 - churn_prediction - INFO - Препроцессор загружен из artifacts/models/preprocessor.joblib
2026-02-22 20:48:59 - churn_prediction - INFO - Препроцессор загружен успешно
2026-02-22 20:48:59 - churn_prediction - INFO - Метаданные загружены, признаков: 25
2026-02-22 20:49:03 - churn_prediction - INFO - Загрузка модели и препроцессора...
2026-02-22 20:49:03 - churn_prediction - INFO - Модель загружена успешно
2026-02-22 20:49:03 - churn_prediction - INFO - Препроцессор загружен из artifacts/models/preprocessor.joblib
2026-02-22 20:49:03 - churn_prediction - INFO - Препроцессор загружен успешно
2026-02-22 20:49:03 - churn_prediction - INFO - Метаданные загружены, признаков: 25
2026-02-22 20:49:06 - churn_prediction - INFO - Загрузка модели и препроцессора...
2026-02-22 20:49:06 - churn_prediction - INFO - Модель загружена успешно
2026-02-22 20:49:06 - churn_prediction - INFO - Препроцессор загружен из artifacts/models/preprocessor.joblib
2026-02-22 20:49:06 - churn_prediction - INFO - Препроцессор загружен успешно
2026-02-22 20:49:06 - churn_prediction - INFO - Метаданные загружены, признаков: 25
2026-02-22 20:49:10 - churn_prediction - INFO - Загрузка модели и препроцессора...
2026-02-22 20:49:10 - churn_prediction - INFO - Модель загружена успешно
2026-02-22 20:49:10 - churn_prediction - INFO - Препроцессор загружен из artifacts/models/preprocessor.joblib
2026-02-22 20:49:10 - churn_prediction - INFO - Препроцессор загружен успешно
2026-02-22 20:49:10 - churn_prediction - INFO - Метаданные загружены, признаков: 25
2026-02-22 20:49:11 - churn_prediction - INFO - Загрузка модели и препроцессора...
2026-02-22 20:49:11 - churn_prediction - INFO - Модель загружена успешно
2026-02-22 20:49:11 - churn_prediction - INFO - Препроцессор загружен из artifacts/models/preprocessor.joblib
2026-02-22 20:49:11 - churn_prediction - INFO - Препроцессор загружен успешно
2026-02-22 20:49:11 - churn_prediction - INFO - Метаданные загружены, признаков: 25
2026-02-22 20:49:12 - churn_prediction - INFO - Загрузка модели и препроцессора...
2026-02-22 20:49:12 - churn_prediction - INFO - Модель загружена успешно
2026-02-22 20:49:12 - churn_prediction - INFO - Препроцессор загружен из artifacts/models/preprocessor.joblib
2026-02-22 20:49:12 - churn_prediction - INFO - Препроцессор загружен успешно
2026-02-22 20:49:12 - churn_prediction - INFO - Метаданные загружены, признаков: 25
2026-02-22 20:49:23 - churn_prediction - INFO - Загрузка модели и препроцессора...
2026-02-22 20:49:23 - churn_prediction - INFO - Модель загружена успешно
2026-02-22 20:49:23 - churn_prediction - INFO - Препроцессор загружен из artifacts/models/preprocessor.joblib
2026-02-22 20:49:23 - churn_prediction - INFO - Препроцессор загружен успешно
2026-02-22 20:49:23 - churn_prediction - INFO - Метаданные загружены, признаков: 25
2026-02-22 20:49:25 - churn_prediction - INFO - Загрузка модели и препроцессора...
2026-02-22 20:49:25 - churn_prediction - INFO - Модель загружена успешно
2026-02-22 20:49:25 - churn_prediction - INFO - Препроцессор загружен из artifacts/models/preprocessor.joblib
2026-02-22 20:49:25 - churn_prediction - INFO - Препроцессор загружен успешно
2026-02-22 20:49:25 - churn_prediction - INFO - Метаданные загружены, признаков: 25
2026-02-22 20:49:31 - churn_prediction - INFO - Загрузка модели и препроцессора...
2026-02-22 20:49:31 - churn_prediction - INFO - Модель загружена успешно
2026-02-22 20:49:31 - churn_prediction - INFO - Препроцессор загружен из artifacts/models/preprocessor.joblib
2026-02-22 20:49:31 - churn_prediction - INFO - Препроцессор загружен успешно
2026-02-22 20:49:31 - churn_prediction - INFO - Метаданные загружены, признаков: 25
2026-02-22 20:49:32 - churn_prediction - INFO - Загрузка модели и препроцессора...
2026-02-22 20:49:32 - churn_prediction - INFO - Модель загружена успешно
2026-02-22 20:49:32 - churn_prediction - INFO - Препроцессор загружен из artifacts/models/preprocessor.joblib
2026-02-22 20:49:32 - churn_prediction - INFO - Препроцессор загружен успешно
2026-02-22 20:49:32 - churn_prediction - INFO - Метаданные загружены, признаков: 25
2026-02-22 20:49:34 - churn_prediction - INFO - Загрузка модели и препроцессора...
2026-02-22 20:49:34 - churn_prediction - INFO - Модель загружена успешно
2026-02-22 20:49:34 - churn_prediction - INFO - Препроцессор загружен из artifacts/models/preprocessor.joblib
2026-02-22 20:49:34 - churn_prediction - INFO - Препроцессор загружен успешно
2026-02-22 20:49:34 - churn_prediction - INFO - Метаданные загружены, признаков: 25
2026-02-22 20:49:36 - churn_prediction - INFO - Загрузка модели и препроцессора...
2026-02-22 20:49:36 - churn_prediction - INFO - Модель загружена успешно
2026-02-22 20:49:36 - churn_prediction - INFO - Препроцессор загружен из artifacts/models/preprocessor.joblib
2026-02-22 20:49:36 - churn_prediction - INFO - Препроцессор загружен успешно
2026-02-22 20:49:36 - churn_prediction - INFO - Метаданные загружены, признаков: 25
2026-02-22 20:49:38 - churn_prediction - INFO - Загрузка модели и препроцессора...
2026-02-22 20:49:38 - churn_prediction - INFO - Модель загружена успешно
2026-02-22 20:49:38 - churn_prediction - INFO - Препроцессор загружен из artifacts/models/preprocessor.joblib
2026-02-22 20:49:38 - churn_prediction - INFO - Препроцессор загружен успешно
2026-02-22 20:49:38 - churn_prediction - INFO - Метаданные загружены, признаков: 25
2026-02-22 20:49:40 - churn_prediction - INFO - Загрузка модели и препроцессора...
2026-02-22 20:49:40 - churn_prediction - INFO - Модель загружена успешно
2026-02-22 20:49:40 - churn_prediction - INFO - Препроцессор загружен из artifacts/models/preprocessor.joblib
2026-02-22 20:49:40 - churn_prediction - INFO - Препроцессор загружен успешно
2026-02-22 20:49:40 - churn_prediction - INFO - Метаданные загружены, признаков: 25
2026-02-22 20:49:47 - churn_prediction - INFO - Загрузка модели и препроцессора...
2026-02-22 20:49:47 - churn_prediction - INFO - Модель загружена успешно
2026-02-22 20:49:47 - churn_prediction - INFO - Препроцессор загружен из artifacts/models/preprocessor.joblib
2026-02-22 20:49:47 - churn_prediction - INFO - Препроцессор загружен успешно
2026-02-22 20:49:47 - churn_prediction - INFO - Метаданные загружены, признаков: 25
2026-02-22 20:49:49 - churn_prediction - INFO - Загрузка модели и препроцессора...
2026-02-22 20:49:49 - churn_prediction - INFO - Модель загружена успешно
2026-02-22 20:49:49 - churn_prediction - INFO - Препроцессор загружен из artifacts/models/preprocessor.joblib
2026-02-22 20:49:49 - churn_prediction - INFO - Препроцессор загружен успешно
2026-02-22 20:49:49 - churn_prediction - INFO - Метаданные загружены, признаков: 25
2026-02-22 20:49:52 - churn_prediction - INFO - Загрузка модели и препроцессора...
2026-02-22 20:49:52 - churn_prediction - INFO - Модель загружена успешно
2026-02-22 20:49:52 - churn_prediction - INFO - Препроцессор загружен из artifacts/models/preprocessor.joblib
2026-02-22 20:49:52 - churn_prediction - INFO - Препроцессор загружен успешно
2026-02-22 20:49:52 - churn_prediction - INFO - Метаданные загружены, признаков: 25
2026-02-22 20:49:54 - churn_prediction - INFO - Загрузка модели и препроцессора...
2026-02-22 20:49:54 - churn_prediction - INFO - Модель загружена успешно
2026-02-22 20:49:54 - churn_prediction - INFO - Препроцессор загружен из artifacts/models/preprocessor.joblib
2026-02-22 20:49:54 - churn_prediction - INFO - Препроцессор загружен успешно
2026-02-22 20:49:54 - churn_prediction - INFO - Метаданные загружены, признаков: 25
2026-02-22 20:49:56 - churn_prediction - INFO - Загрузка модели и препроцессора...
2026-02-22 20:49:56 - churn_prediction - INFO - Модель загружена успешно
2026-02-22 20:49:56 - churn_prediction - INFO - Препроцессор загружен из artifacts/models/preprocessor.joblib
2026-02-22 20:49:56 - churn_prediction - INFO - Препроцессор загружен успешно
2026-02-22 20:49:56 - churn_prediction - INFO - Метаданные загружены, признаков: 25
2026-02-22 20:49:57 - churn_prediction - INFO - Загрузка модели и препроцессора...
2026-02-22 20:49:57 - churn_prediction - INFO - Модель загружена успешно
2026-02-22 20:49:57 - churn_prediction - INFO - Препроцессор загружен из artifacts/models/preprocessor.joblib
2026-02-22 20:49:57 - churn_prediction - INFO - Препроцессор загружен успешно
2026-02-22 20:49:57 - churn_prediction - INFO - Метаданные загружены, признаков: 25
2026-02-22 20:50:00 - churn_prediction - INFO - Загрузка модели и препроцессора...
2026-02-22 20:50:00 - churn_prediction - INFO - Модель загружена успешно
2026-02-22 20:50:00 - churn_prediction - INFO - Препроцессор загружен из artifacts/models/preprocessor.joblib
2026-02-22 20:50:00 - churn_prediction - INFO - Препроцессор загружен успешно
2026-02-22 20:50:00 - churn_prediction - INFO - Метаданные загружены, признаков: 25
2026-02-22 20:50:02 - churn_prediction - INFO - Загрузка модели и препроцессора...
2026-02-22 20:50:02 - churn_prediction - INFO - Модель загружена успешно
2026-02-22 20:50:02 - churn_prediction - INFO - Препроцессор загружен из artifacts/models/preprocessor.joblib
2026-02-22 20:50:02 - churn_prediction - INFO - Препроцессор загружен успешно
2026-02-22 20:50:02 - churn_prediction - INFO - Метаданные загружены, признаков: 25
2026-02-22 20:50:04 - churn_prediction - INFO - Загрузка модели и препроцессора...
2026-02-22 20:50:04 - churn_prediction - INFO - Модель загружена успешно
2026-02-22 20:50:04 - churn_prediction - INFO - Препроцессор загружен из artifacts/models/preprocessor.joblib
2026-02-22 20:50:04 - churn_prediction - INFO - Препроцессор загружен успешно
2026-02-22 20:50:04 - churn_prediction - INFO - Метаданные загружены, признаков: 25
2026-02-22 20:50:06 - churn_prediction - INFO - Загрузка модели и препроцессора...
2026-02-22 20:50:06 - churn_prediction - INFO - Модель загружена успешно
2026-02-22 20:50:06 - churn_prediction - INFO - Препроцессор загружен из artifacts/models/preprocessor.joblib
2026-02-22 20:50:06 - churn_prediction - INFO - Препроцессор загружен успешно
2026-02-22 20:50:06 - churn_prediction - INFO - Метаданные загружены, признаков: 25
2026-02-22 20:50:08 - churn_prediction - INFO - Загрузка модели и препроцессора...
2026-02-22 20:50:08 - churn_prediction - INFO - Модель загружена успешно
2026-02-22 20:50:08 - churn_prediction - INFO - Препроцессор загружен из artifacts/models/preprocessor.joblib
2026-02-22 20:50:08 - churn_prediction - INFO - Препроцессор загружен успешно
2026-02-22 20:50:08 - churn_prediction - INFO - Метаданные загружены, признаков: 25
2026-02-22 20:50:09 - churn_prediction - INFO - Загрузка модели и препроцессора...
2026-02-22 20:50:09 - churn_prediction - INFO - Модель загружена успешно
2026-02-22 20:50:09 - churn_prediction - INFO - Препроцессор загружен из artifacts/models/preprocessor.joblib
2026-02-22 20:50:09 - churn_prediction - INFO - Препроцессор загружен успешно
2026-02-22 20:50:09 - churn_prediction - INFO - Метаданные загружены, признаков: 25
2026-02-22 20:50:11 - churn_prediction - INFO - Загрузка модели и препроцессора...
2026-02-22 20:50:11 - churn_prediction - INFO - Модель загружена успешно
2026-02-22 20:50:11 - churn_prediction - INFO - Препроцессор загружен из artifacts/models/preprocessor.joblib
2026-02-22 20:50:11 - churn_prediction - INFO - Препроцессор загружен успешно
2026-02-22 20:50:11 - churn_prediction - INFO - Метаданные загружены, признаков: 25
2026-02-22 20:50:14 - churn_prediction - INFO - Загрузка модели и препроцессора...
2026-02-22 20:50:14 - churn_prediction - INFO - Модель загружена успешно
2026-02-22 20:50:14 - churn_prediction - INFO - Препроцессор загружен из artifacts/models/preprocessor.joblib
2026-02-22 20:50:14 - churn_prediction - INFO - Препроцессор загружен успешно
2026-02-22 20:50:14 - churn_prediction - INFO - Метаданные загружены, признаков: 25
2026-02-22 20:50:17 - churn_prediction - INFO - Загрузка модели и препроцессора...
2026-02-22 20:50:17 - churn_prediction - INFO - Модель загружена успешно
2026-02-22 20:50:17 - churn_prediction - INFO - Препроцессор загружен из artifacts/models/preprocessor.joblib
2026-02-22 20:50:17 - churn_prediction - INFO - Препроцессор загружен успешно
2026-02-22 20:50:17 - churn_prediction - INFO - Метаданные загружены, признаков: 25
2026-02-22 20:50:19 - churn_prediction - INFO - Загрузка модели и препроцессора...
2026-02-22 20:50:19 - churn_prediction - INFO - Модель загружена успешно
2026-02-22 20:50:19 - churn_prediction - INFO - Препроцессор загружен из artifacts/models/preprocessor.joblib
2026-02-22 20:50:19 - churn_prediction - INFO - Препроцессор загружен успешно
2026-02-22 20:50:19 - churn_prediction - INFO - Метаданные загружены, признаков: 25
2026-02-22 20:50:22 - churn_prediction - INFO - Загрузка модели и препроцессора...
2026-02-22 20:50:22 - churn_prediction - INFO - Модель загружена успешно
2026-02-22 20:50:22 - churn_prediction - INFO - Препроцессор загружен из artifacts/models/preprocessor.joblib
2026-02-22 20:50:22 - churn_prediction - INFO - Препроцессор загружен успешно
2026-02-22 20:50:22 - churn_prediction - INFO - Метаданные загружены, признаков: 25
2026-02-22 20:50:23 - churn_prediction - INFO - Загрузка модели и препроцессора...
2026-02-22 20:50:23 - churn_prediction - INFO - Модель загружена успешно
2026-02-22 20:50:23 - churn_prediction - INFO - Препроцессор загружен из artifacts/models/preprocessor.joblib
2026-02-22 20:50:23 - churn_prediction - INFO - Препроцессор загружен успешно
2026-02-22 20:50:23 - churn_prediction - INFO - Метаданные загружены, признаков: 25
2026-02-22 20:50:25 - churn_prediction - INFO - Загрузка модели и препроцессора...
2026-02-22 20:50:25 - churn_prediction - INFO - Модель загружена успешно
2026-02-22 20:50:25 - churn_prediction - INFO - Препроцессор загружен из artifacts/models/preprocessor.joblib
2026-02-22 20:50:25 - churn_prediction - INFO - Препроцессор загружен успешно
2026-02-22 20:50:25 - churn_prediction - INFO - Метаданные загружены, признаков: 25
2026-02-22 20:50:26 - churn_prediction - INFO - Загрузка модели и препроцессора...
2026-02-22 20:50:26 - churn_prediction - INFO - Модель загружена успешно
2026-02-22 20:50:26 - churn_prediction - INFO - Препроцессор загружен из artifacts/models/preprocessor.joblib
2026-02-22 20:50:26 - churn_prediction - INFO - Препроцессор загружен успешно
2026-02-22 20:50:26 - churn_prediction - INFO - Метаданные загружены, признаков: 25
2026-02-22 20:50:29 - churn_prediction - INFO - Загрузка модели и препроцессора...
2026-02-22 20:50:29 - churn_prediction - INFO - Модель загружена успешно
2026-02-22 20:50:29 - churn_prediction - INFO - Препроцессор загружен из artifacts/models/preprocessor.joblib
2026-02-22 20:50:29 - churn_prediction - INFO - Препроцессор загружен успешно
2026-02-22 20:50:29 - churn_prediction - INFO - Метаданные загружены, признаков: 25
2026-02-22 20:50:32 - churn_prediction - INFO - Загрузка модели и препроцессора...
2026-02-22 20:50:32 - churn_prediction - INFO - Модель загружена успешно
2026-02-22 20:50:32 - churn_prediction - INFO - Препроцессор загружен из artifacts/models/preprocessor.joblib
2026-02-22 20:50:32 - churn_prediction - INFO - Препроцессор загружен успешно
2026-02-22 20:50:32 - churn_prediction - INFO - Метаданные загружены, признаков: 25
2026-02-22 20:50:35 - churn_prediction - INFO - Загрузка модели и препроцессора...
2026-02-22 20:50:35 - churn_prediction - INFO - Модель загружена успешно
2026-02-22 20:50:35 - churn_prediction - INFO - Препроцессор загружен из artifacts/models/preprocessor.joblib
2026-02-22 20:50:35 - churn_prediction - INFO - Препроцессор загружен успешно
2026-02-22 20:50:35 - churn_prediction - INFO - Метаданные загружены, признаков: 25
2026-02-22 20:50:37 - churn_prediction - INFO - Загрузка модели и препроцессора...
2026-02-22 20:50:37 - churn_prediction - INFO - Модель загружена успешно
2026-02-22 20:50:37 - churn_prediction - INFO - Препроцессор загружен из artifacts/models/preprocessor.joblib
2026-02-22 20:50:37 - churn_prediction - INFO - Препроцессор загружен успешно
2026-02-22 20:50:37 - churn_prediction - INFO - Метаданные загружены, признаков: 25
2026-02-22 20:50:39 - churn_prediction - INFO - Загрузка модели и препроцессора...
2026-02-22 20:50:39 - churn_prediction - INFO - Модель загружена успешно
2026-02-22 20:50:39 - churn_prediction - INFO - Препроцессор загружен из artifacts/models/preprocessor.joblib
2026-02-22 20:50:39 - churn_prediction - INFO - Препроцессор загружен успешно
2026-02-22 20:50:39 - churn_prediction - INFO - Метаданные загружены, признаков: 25
2026-02-22 20:50:43 - churn_prediction - INFO - Загрузка модели и препроцессора...
2026-02-22 20:50:43 - churn_prediction - INFO - Модель загружена успешно
2026-02-22 20:50:43 - churn_prediction - INFO - Препроцессор загружен из artifacts/models/preprocessor.joblib
2026-02-22 20:50:43 - churn_prediction - INFO - Препроцессор загружен успешно
2026-02-22 20:50:43 - churn_prediction - INFO - Метаданные загружены, признаков: 25
2026-02-22 20:50:44 - churn_prediction - INFO - Загрузка модели и препроцессора...
2026-02-22 20:50:44 - churn_prediction - INFO - Модель загружена успешно
2026-02-22 20:50:44 - churn_prediction - INFO - Препроцессор загружен из artifacts/models/preprocessor.joblib
2026-02-22 20:50:44 - churn_prediction - INFO - Препроцессор загружен успешно
2026-02-22 20:50:44 - churn_prediction - INFO - Метаданные загружены, признаков: 25
2026-02-22 20:50:46 - churn_prediction - INFO - Загрузка модели и препроцессора...
2026-02-22 20:50:46 - churn_prediction - INFO - Модель загружена успешно
2026-02-22 20:50:46 - churn_prediction - INFO - Препроцессор загружен из artifacts/models/preprocessor.joblib
2026-02-22 20:50:46 - churn_prediction - INFO - Препроцессор загружен успешно
2026-02-22 20:50:46 - churn_prediction - INFO - Метаданные загружены, признаков: 25
2026-02-22 20:50:47 - churn_prediction - INFO - Загрузка модели и препроцессора...
2026-02-22 20:50:47 - churn_prediction - INFO - Модель загружена успешно
2026-02-22 20:50:47 - churn_prediction - INFO - Препроцессор загружен из artifacts/models/preprocessor.joblib
2026-02-22 20:50:47 - churn_prediction - INFO - Препроцессор загружен успешно
2026-02-22 20:50:47 - churn_prediction - INFO - Метаданные загружены, признаков: 25
2026-02-22 20:50:49 - churn_prediction - INFO - Загрузка модели и препроцессора...
2026-02-22 20:50:49 - churn_prediction - INFO - Модель загружена успешно
2026-02-22 20:50:49 - churn_prediction - INFO - Препроцессор загружен из artifacts/models/preprocessor.joblib
2026-02-22 20:50:49 - churn_prediction - INFO - Препроцессор загружен успешно
2026-02-22 20:50:49 - churn_prediction - INFO - Метаданные загружены, признаков: 25
2026-02-22 20:50:51 - churn_prediction - INFO - Загрузка модели и препроцессора...
2026-02-22 20:50:51 - churn_prediction - INFO - Модель загружена успешно
2026-02-22 20:50:51 - churn_prediction - INFO - Препроцессор загружен из artifacts/models/preprocessor.joblib
2026-02-22 20:50:51 - churn_prediction - INFO - Препроцессор загружен успешно
2026-02-22 20:50:51 - churn_prediction - INFO - Метаданные загружены, признаков: 25
2026-02-22 20:50:56 - churn_prediction - INFO - Загрузка модели и препроцессора...
2026-02-22 20:50:56 - churn_prediction - INFO - Модель загружена успешно
2026-02-22 20:50:56 - churn_prediction - INFO - Препроцессор загружен из artifacts/models/preprocessor.joblib
2026-02-22 20:50:56 - churn_prediction - INFO - Препроцессор загружен успешно
2026-02-22 20:50:56 - churn_prediction - INFO - Метаданные загружены, признаков: 25
2026-02-22 20:51:19 - churn_prediction - INFO - Загрузка модели и препроцессора...
2026-02-22 20:51:19 - churn_prediction - INFO - Модель загружена успешно
2026-02-22 20:51:19 - churn_prediction - INFO - Препроцессор загружен из artifacts/models/preprocessor.joblib
2026-02-22 20:51:19 - churn_prediction - INFO - Препроцессор загружен успешно
2026-02-22 20:51:19 - churn_prediction - INFO - Метаданные загружены, признаков: 25
2026-02-22 20:55:30 - churn_prediction - INFO - Загрузка модели и препроцессора...
2026-02-22 20:55:30 - churn_prediction - INFO - Модель загружена успешно
2026-02-22 20:55:30 - churn_prediction - INFO - Препроцессор загружен из artifacts/models/preprocessor.joblib
2026-02-22 20:55:30 - churn_prediction - INFO - Препроцессор загружен успешно
2026-02-22 20:55:30 - churn_prediction - INFO - Метаданные загружены, признаков: 25
2026-02-22 20:56:05 - churn_prediction - INFO - Загрузка модели и препроцессора...
2026-02-22 20:56:05 - churn_prediction - INFO - Модель загружена успешно
2026-02-22 20:56:05 - churn_prediction - INFO - Препроцессор загружен из artifacts/models/preprocessor.joblib
2026-02-22 20:56:05 - churn_prediction - INFO - Препроцессор загружен успешно
2026-02-22 20:56:05 - churn_prediction - INFO - Метаданные загружены, признаков: 25
2026-02-22 20:56:17 - churn_prediction - INFO - Загрузка модели и препроцессора...
2026-02-22 20:56:17 - churn_prediction - INFO - Модель загружена успешно
2026-02-22 20:56:17 - churn_prediction - INFO - Препроцессор загружен из artifacts/models/preprocessor.joblib
2026-02-22 20:56:17 - churn_prediction - INFO - Препроцессор загружен успешно
2026-02-22 20:56:17 - churn_prediction - INFO - Метаданные загружены, признаков: 25
2026-02-22 20:56:20 - churn_prediction - INFO - Загрузка модели и препроцессора...
2026-02-22 20:56:20 - churn_prediction - INFO - Модель загружена успешно
2026-02-22 20:56:20 - churn_prediction - INFO - Препроцессор загружен из artifacts/models/preprocessor.joblib
2026-02-22 20:56:20 - churn_prediction - INFO - Препроцессор загружен успешно
2026-02-22 20:56:20 - churn_prediction - INFO - Метаданные загружены, признаков: 25
2026-02-22 20:56:21 - churn_prediction - INFO - Загрузка модели и препроцессора...
2026-02-22 20:56:21 - churn_prediction - INFO - Модель загружена успешно
2026-02-22 20:56:21 - churn_prediction - INFO - Препроцессор загружен из artifacts/models/preprocessor.joblib
2026-02-22 20:56:21 - churn_prediction - INFO - Препроцессор загружен успешно
2026-02-22 20:56:21 - churn_prediction - INFO - Метаданные загружены, признаков: 25
2026-02-22 20:56:24 - churn_prediction - INFO - Загрузка модели и препроцессора...
2026-02-22 20:56:24 - churn_prediction - INFO - Модель загружена успешно
2026-02-22 20:56:24 - churn_prediction - INFO - Препроцессор загружен из artifacts/models/preprocessor.joblib
2026-02-22 20:56:24 - churn_prediction - INFO - Препроцессор загружен успешно
2026-02-22 20:56:24 - churn_prediction - INFO - Метаданные загружены, признаков: 25
2026-02-22 20:56:27 - churn_prediction - INFO - Загрузка модели и препроцессора...
2026-02-22 20:56:27 - churn_prediction - INFO - Модель загружена успешно
2026-02-22 20:56:27 - churn_prediction - INFO - Препроцессор загружен из artifacts/models/preprocessor.joblib
2026-02-22 20:56:27 - churn_prediction - INFO - Препроцессор загружен успешно
2026-02-22 20:56:27 - churn_prediction - INFO - Метаданные загружены, признаков: 25
2026-02-22 20:56:32 - churn_prediction - INFO - Загрузка модели и препроцессора...
2026-02-22 20:56:32 - churn_prediction - INFO - Модель загружена успешно
2026-02-22 20:56:32 - churn_prediction - INFO - Препроцессор загружен из artifacts/models/preprocessor.joblib
2026-02-22 20:56:32 - churn_prediction - INFO - Препроцессор загружен успешно
2026-02-22 20:56:32 - churn_prediction - INFO - Метаданные загружены, признаков: 25
2026-02-22 20:56:34 - churn_prediction - INFO - Загрузка модели и препроцессора...
2026-02-22 20:56:34 - churn_prediction - INFO - Модель загружена успешно
2026-02-22 20:56:34 - churn_prediction - INFO - Препроцессор загружен из artifacts/models/preprocessor.joblib
2026-02-22 20:56:34 - churn_prediction - INFO - Препроцессор загружен успешно
2026-02-22 20:56:34 - churn_prediction - INFO - Метаданные загружены, признаков: 25
2026-02-22 20:56:35 - churn_prediction - INFO - Загрузка модели и препроцессора...
2026-02-22 20:56:35 - churn_prediction - INFO - Модель загружена успешно
2026-02-22 20:56:35 - churn_prediction - INFO - Препроцессор загружен из artifacts/models/preprocessor.joblib
2026-02-22 20:56:35 - churn_prediction - INFO - Препроцессор загружен успешно
2026-02-22 20:56:35 - churn_prediction - INFO - Метаданные загружены, признаков: 25
2026-02-22 20:56:39 - churn_prediction - INFO - Загрузка модели и препроцессора...
2026-02-22 20:56:39 - churn_prediction - INFO - Модель загружена успешно
2026-02-22 20:56:39 - churn_prediction - INFO - Препроцессор загружен из artifacts/models/preprocessor.joblib
2026-02-22 20:56:39 - churn_prediction - INFO - Препроцессор загружен успешно
2026-02-22 20:56:39 - churn_prediction - INFO - Метаданные загружены, признаков: 25
2026-02-22 20:56:42 - churn_prediction - INFO - Загрузка модели и препроцессора...
2026-02-22 20:56:42 - churn_prediction - INFO - Модель загружена успешно
2026-02-22 20:56:42 - churn_prediction - INFO - Препроцессор загружен из artifacts/models/preprocessor.joblib
2026-02-22 20:56:42 - churn_prediction - INFO - Препроцессор загружен успешно
2026-02-22 20:56:42 - churn_prediction - INFO - Метаданные загружены, признаков: 25
2026-02-22 20:56:44 - churn_prediction - INFO - Загрузка модели и препроцессора...
2026-02-22 20:56:44 - churn_prediction - INFO - Модель загружена успешно
2026-02-22 20:56:44 - churn_prediction - INFO - Препроцессор загружен из artifacts/models/preprocessor.joblib
2026-02-22 20:56:44 - churn_prediction - INFO - Препроцессор загружен успешно
2026-02-22 20:56:44 - churn_prediction - INFO - Метаданные загружены, признаков: 25
2026-02-22 20:56:46 - churn_prediction - INFO - Загрузка модели и препроцессора...
2026-02-22 20:56:46 - churn_prediction - INFO - Модель загружена успешно
2026-02-22 20:56:46 - churn_prediction - INFO - Препроцессор загружен из artifacts/models/preprocessor.joblib
2026-02-22 20:56:46 - churn_prediction - INFO - Препроцессор загружен успешно
2026-02-22 20:56:46 - churn_prediction - INFO - Метаданные загружены, признаков: 25
2026-02-22 20:56:48 - churn_prediction - INFO - Загрузка модели и препроцессора...
2026-02-22 20:56:48 - churn_prediction - INFO - Модель загружена успешно
2026-02-22 20:56:48 - churn_prediction - INFO - Препроцессор загружен из artifacts/models/preprocessor.joblib
2026-02-22 20:56:48 - churn_prediction - INFO - Препроцессор загружен успешно
2026-02-22 20:56:48 - churn_prediction - INFO - Метаданные загружены, признаков: 25
2026-02-22 20:57:52 - churn_prediction - INFO - Загрузка модели и препроцессора...
2026-02-22 20:57:52 - churn_prediction - INFO - Загрузка модели и препроцессора...
2026-02-22 20:57:52 - churn_prediction - INFO - Модель загружена успешно
2026-02-22 20:57:52 - churn_prediction - INFO - Модель загружена успешно
2026-02-22 20:57:52 - churn_prediction - INFO - Препроцессор загружен из artifacts/models/preprocessor.joblib
2026-02-22 20:57:52 - churn_prediction - INFO - Препроцессор загружен из artifacts/models/preprocessor.joblib
2026-02-22 20:57:52 - churn_prediction - INFO - Препроцессор загружен успешно
2026-02-22 20:57:52 - churn_prediction - INFO - Препроцессор загружен успешно
2026-02-22 20:57:52 - churn_prediction - INFO - Метаданные загружены, признаков: 25
2026-02-22 20:57:52 - churn_prediction - INFO - Метаданные загружены, признаков: 25
2026-02-22 20:57:55 - churn_prediction - INFO - Загрузка модели и препроцессора...
2026-02-22 20:57:55 - churn_prediction - INFO - Модель загружена успешно
2026-02-22 20:57:55 - churn_prediction - INFO - Препроцессор загружен из artifacts/models/preprocessor.joblib
2026-02-22 20:57:55 - churn_prediction - INFO - Препроцессор загружен успешно
2026-02-22 20:57:55 - churn_prediction - INFO - Метаданные загружены, признаков: 25
2026-02-22 20:57:55 - churn_prediction - INFO - Загрузка модели и препроцессора...
2026-02-22 20:57:55 - churn_prediction - INFO - Модель загружена успешно
2026-02-22 20:57:55 - churn_prediction - INFO - Препроцессор загружен из artifacts/models/preprocessor.joblib
2026-02-22 20:57:55 - churn_prediction - INFO - Препроцессор загружен успешно
2026-02-22 20:57:55 - churn_prediction - INFO - Метаданные загружены, признаков: 25
2026-02-22 21:00:53 - churn_prediction - INFO - Загрузка модели и препроцессора...
2026-02-22 21:00:53 - churn_prediction - INFO - Модель загружена успешно
2026-02-22 21:00:53 - churn_prediction - INFO - Препроцессор загружен из artifacts/models/preprocessor.joblib
2026-02-22 21:00:53 - churn_prediction - INFO - Препроцессор загружен успешно
2026-02-22 21:00:53 - churn_prediction - INFO - Метаданные загружены, признаков: 25
2026-02-22 21:00:53 - churn_prediction - INFO - Загрузка модели и препроцессора...
2026-02-22 21:00:53 - churn_prediction - INFO - Загрузка модели и препроцессора...
2026-02-22 21:00:53 - churn_prediction - INFO - Модель загружена успешно
2026-02-22 21:00:53 - churn_prediction - INFO - Препроцессор загружен из artifacts/models/preprocessor.joblib
2026-02-22 21:00:53 - churn_prediction - INFO - Препроцессор загружен успешно
2026-02-22 21:00:53 - churn_prediction - INFO - Метаданные загружены, признаков: 25
2026-02-22 21:00:53 - churn_prediction - INFO - Модель загружена успешно
2026-02-22 21:00:53 - churn_prediction - INFO - Препроцессор загружен из artifacts/models/preprocessor.joblib
2026-02-22 21:00:53 - churn_prediction - INFO - Препроцессор загружен успешно
2026-02-22 21:00:53 - churn_prediction - INFO - Метаданные загружены, признаков: 25
2026-02-22 21:03:34 - churn_prediction - INFO - Загрузка модели и препроцессора...
2026-02-22 21:03:34 - churn_prediction - INFO - Загрузка модели и препроцессора...
2026-02-22 21:03:34 - churn_prediction - INFO - Загрузка модели и препроцессора...
2026-02-22 21:03:34 - churn_prediction - INFO - Модель загружена успешно
2026-02-22 21:03:34 - churn_prediction - INFO - Модель загружена успешно
2026-02-22 21:03:34 - churn_prediction - INFO - Модель загружена успешно
2026-02-22 21:03:34 - churn_prediction - INFO - Препроцессор загружен из artifacts/models/preprocessor.joblib
2026-02-22 21:03:34 - churn_prediction - INFO - Препроцессор загружен из artifacts/models/preprocessor.joblib
2026-02-22 21:03:34 - churn_prediction - INFO - Препроцессор загружен успешно
2026-02-22 21:03:34 - churn_prediction - INFO - Препроцессор загружен успешно
2026-02-22 21:03:34 - churn_prediction - INFO - Препроцессор загружен из artifacts/models/preprocessor.joblib
2026-02-22 21:03:34 - churn_prediction - INFO - Препроцессор загружен успешно
2026-02-22 21:03:34 - churn_prediction - INFO - Метаданные загружены, признаков: 25
2026-02-22 21:03:34 - churn_prediction - INFO - Метаданные загружены, признаков: 25
2026-02-22 21:03:34 - churn_prediction - INFO - Метаданные загружены, признаков: 25
2026-02-22 21:04:03 - churn_prediction - INFO - Загрузка модели и препроцессора...
2026-02-22 21:04:03 - churn_prediction - INFO - Модель загружена успешно
2026-02-22 21:04:03 - churn_prediction - INFO - Препроцессор загружен из artifacts/models/preprocessor.joblib
2026-02-22 21:04:03 - churn_prediction - INFO - Препроцессор загружен успешно
2026-02-22 21:04:03 - churn_prediction - INFO - Метаданные загружены, признаков: 25
2026-02-22 21:04:03 - churn_prediction - INFO - Загрузка модели и препроцессора...
2026-02-22 21:04:03 - churn_prediction - INFO - Модель загружена успешно
2026-02-22 21:04:03 - churn_prediction - INFO - Загрузка модели и препроцессора...
2026-02-22 21:04:03 - churn_prediction - INFO - Препроцессор загружен из artifacts/models/preprocessor.joblib
2026-02-22 21:04:03 - churn_prediction - INFO - Препроцессор загружен успешно
2026-02-22 21:04:03 - churn_prediction - INFO - Метаданные загружены, признаков: 25
2026-02-22 21:04:03 - churn_prediction - INFO - Модель загружена успешно
2026-02-22 21:04:03 - churn_prediction - INFO - Препроцессор загружен из artifacts/models/preprocessor.joblib
2026-02-22 21:04:03 - churn_prediction - INFO - Препроцессор загружен успешно
2026-02-22 21:04:03 - churn_prediction - INFO - Метаданные загружены, признаков: 25
2026-02-22 21:04:05 - churn_prediction - INFO - Загрузка модели и препроцессора...
2026-02-22 21:04:05 - churn_prediction - INFO - Модель загружена успешно
2026-02-22 21:04:05 - churn_prediction - INFO - Препроцессор загружен из artifacts/models/preprocessor.joblib
2026-02-22 21:04:05 - churn_prediction - INFO - Препроцессор загружен успешно
2026-02-22 21:04:05 - churn_prediction - INFO - Метаданные загружены, признаков: 25
2026-02-22 21:04:05 - churn_prediction - INFO - Загрузка модели и препроцессора...
2026-02-22 21:04:05 - churn_prediction - INFO - Модель загружена успешно
2026-02-22 21:04:05 - churn_prediction - INFO - Препроцессор загружен из artifacts/models/preprocessor.joblib
2026-02-22 21:04:05 - churn_prediction - INFO - Препроцессор загружен успешно
2026-02-22 21:04:05 - churn_prediction - INFO - Загрузка модели и препроцессора...
2026-02-22 21:04:05 - churn_prediction - INFO - Метаданные загружены, признаков: 25
2026-02-22 21:04:05 - churn_prediction - INFO - Модель загружена успешно
2026-02-22 21:04:05 - churn_prediction - INFO - Препроцессор загружен из artifacts/models/preprocessor.joblib
2026-02-22 21:04:05 - churn_prediction - INFO - Препроцессор загружен успешно
2026-02-22 21:04:05 - churn_prediction - INFO - Метаданные загружены, признаков: 25
